\BOOKMARK [1][-]{section.1}{Software Engineering and Formal Methods?}{}% 1
\BOOKMARK [1][-]{section.2}{Testing: Static vs Dynamic Analysis}{}% 2
\BOOKMARK [2][-]{subsection.2.1}{Static Analysis of code}{section.2}% 3
\BOOKMARK [2][-]{subsection.2.2}{Dynamic Analysis of code}{section.2}% 4
\BOOKMARK [1][-]{section.3}{What are Formal Methods Actually?}{}% 5
\BOOKMARK [1][-]{section.4}{Why Consider a Formal Method?}{}% 6
\BOOKMARK [1][-]{section.5}{Formal Methods Concepts}{}% 7
\BOOKMARK [1][-]{section.6}{Formal Specifications}{}% 8
\BOOKMARK [1][-]{section.7}{Formal Specs}{}% 9
\BOOKMARK [1][-]{section.8}{Types of Formal Specifications}{}% 10
\BOOKMARK [2][-]{subsection.8.1}{Property Oriented}{section.8}% 11
\BOOKMARK [2][-]{subsection.8.2}{Model Oriented}{section.8}% 12
\BOOKMARK [1][-]{section.9}{Property Oriented}{}% 13
\BOOKMARK [2][-]{subsection.9.1}{Uses}{section.9}% 14
\BOOKMARK [2][-]{subsection.9.2}{Two Parts of Specification}{section.9}% 15
\BOOKMARK [1][-]{section.10}{Model Oriented: Abstract Model Specifications}{}% 16
\BOOKMARK [1][-]{section.11}{Formal Proofs}{}% 17
\BOOKMARK [1][-]{section.12}{Model Checking}{}% 18
\BOOKMARK [1][-]{section.13}{Abstraction}{}% 19
\BOOKMARK [1][-]{section.14}{Logical Errors in Formal Specification}{}% 20
\BOOKMARK [2][-]{subsection.14.1}{Logical Inconsistency}{section.14}% 21
\BOOKMARK [2][-]{subsection.14.2}{Accuracy}{section.14}% 22
\BOOKMARK [2][-]{subsection.14.3}{Completeness}{section.14}% 23
\BOOKMARK [1][-]{section.15}{Techniques for Detection of Errors in Formal Specifications}{}% 24
\BOOKMARK [1][-]{section.16}{Formal Specification as a System Description}{}% 25
\BOOKMARK [1][-]{section.17}{Benefits of Formal Specifications}{}% 26
\BOOKMARK [1][-]{section.18}{Limitation to Formal Methods}{}% 27
\BOOKMARK [1][-]{section.19}{Conclusion}{}% 28
\BOOKMARK [1][-]{section.20}{Reference text}{}% 29
